{"name": "test_frames1[chromium]", "status": "failed", "statusDetails": {"message": "AssertionError: Locator expected to have Value 'hi'\nActual value: hii \nCall log:\n  - Expect \"to_have_value\" with timeout 5000ms\n  - waiting for locator(\"input[name='mytext1']\")\n    9 × locator resolved to <input size=\"25\" type=\"text\" name=\"mytext1\"/>\n      - unexpected value \"hii\"", "trace": "page = <Page url='https://ui.vision/demo/webtest/frames/'>\n\n    def test_frames1(page: Page):\n        page.goto(\"https://ui.vision/demo/webtest/frames/\")\n        frame1 = page.frame(url=\"https://ui.vision/demo/webtest/frames/frame_1.html\")\n        inputbox1 = frame1.locator(\"input[name='mytext1']\")\n        inputbox1.fill(\"hii\")\n>       expect(inputbox1).to_have_value(\"hi\")\nE       AssertionError: Locator expected to have Value 'hi'\nE       Actual value: hii \nE       Call log:\nE         - Expect \"to_have_value\" with timeout 5000ms\nE         - waiting for locator(\"input[name='mytext1']\")\nE           9 × locator resolved to <input size=\"25\" type=\"text\" name=\"mytext1\"/>\nE             - unexpected value \"hii\"\n\npracticesession\\frames_practice1.py:8: AssertionError"}, "parameters": [{"name": "browser_name", "value": "'chromium'"}], "start": 1764248868444, "stop": 1764248876432, "uuid": "0b444d2c-7cef-4904-a447-234633f5dc6c", "historyId": "adf59b391a1bc984fcd3164b2b6454b3", "testCaseId": "c4bee85cdc7614fbe612b0c827ae8260", "fullName": "practicesession.frames_practice1#test_frames1", "labels": [{"name": "parentSuite", "value": "practicesession"}, {"name": "suite", "value": "frames_practice1"}, {"name": "host", "value": "SOLVERLAPT604"}, {"name": "thread", "value": "26248-MainThread"}, {"name": "framework", "value": "pytest"}, {"name": "language", "value": "cpython3"}, {"name": "package", "value": "practicesession.frames_practice1"}], "titlePath": ["practicesession", "frames_practice1.py"]}