{"name": "test_open", "status": "failed", "statusDetails": {"message": "AssertionError: Locator expected to have count '11'\nActual value: 10 \nCall log:\n  - Expect \"to_have_count\" with timeout 5000ms\n  - waiting for locator(\"#country>option\")\n    9 × locator resolved to 10 elements\n      - unexpected value \"10\"", "trace": "playwright = <playwright._impl._playwright.Playwright object at 0x000001D92714DA90>\n\n    def test_open(playwright):\n        browser = playwright.chromium.launch(headless=False)\n        context = browser.new_context()\n        page: Page = context.new_page()\n    \n        page.goto(\"https://testautomationpractice.blogspot.com/\")\n        page.get_by_placeholder(\"Enter Name\").fill(\"arv\")\n        page.get_by_placeholder(\"Enter EMail\").fill(\"pass\")\n        page.get_by_placeholder(\"Enter Phone\").fill(\"984756\")\n        page.get_by_role(\"textbox\",name=\"Address:\").fill(\"lakshmi apartments\")\n        checking=page.locator(\"#male\")\n        expect(checking).not_to_be_checked()\n        checking.check()\n        expect(checking).to_be_checked()\n        # checkboxes = page.get_by_role(\"checkbox\")\n        # count = checkboxes.count()\n        #\n        # for i in range(count):\n        #     checkboxes.nth(i).check()\n    \n        days = ['Sunday', 'Monday', 'Tuesday', 'Wednesday', 'Thursday', 'Friday', 'Saturday']\n        checkboxes=[]\n        for day in days:\n            checkbox=page.get_by_label(day)\n            checkboxes.append(checkbox)\n    \n        for checkbox in checkboxes:\n            checkbox.check()\n            expect(checkbox).to_be_checked()\n            checkbox.uncheck()\n            expect(checkbox).not_to_be_checked()\n        val = \"France\"\n        val1=page.locator(\"#country\").select_option(value=\"France\")\n        gtval=page.locator(\"#country>option\")\n>       expect(gtval).to_have_count(11)\nE       AssertionError: Locator expected to have count '11'\nE       Actual value: 10 \nE       Call log:\nE         - Expect \"to_have_count\" with timeout 5000ms\nE         - waiting for locator(\"#country>option\")\nE           9 × locator resolved to 10 elements\nE             - unexpected value \"10\"\n\npracticesession\\test_pratice1.py:37: AssertionError"}, "start": 1763807844290, "stop": 1763807856209, "uuid": "ae1295b9-e999-42d8-812f-cf3836837814", "historyId": "aca9ac4db8f1ef119bba769e4dae19c9", "testCaseId": "aca9ac4db8f1ef119bba769e4dae19c9", "fullName": "practicesession.test_pratice1#test_open", "labels": [{"name": "parentSuite", "value": "practicesession"}, {"name": "suite", "value": "test_pratice1"}, {"name": "host", "value": "SOLVERLAPT604"}, {"name": "thread", "value": "17260-MainThread"}, {"name": "framework", "value": "pytest"}, {"name": "language", "value": "cpython3"}, {"name": "package", "value": "practicesession.test_pratice1"}], "titlePath": ["practicesession", "test_pratice1.py"]}