{"name": "test_open", "status": "failed", "statusDetails": {"message": "AssertionError: Locator expected to be visible\nActual value: hidden \nCall log:\n  - Expect \"to_be_visible\" with timeout 5000ms\n  - waiting for get_by_text(\"Select\")\n    9 × locator resolved to <option value=\"\">Select</option>\n      - unexpected value \"hidden\"", "trace": "playwright = <playwright._impl._playwright.Playwright object at 0x0000020BEA5F5A90>\n\n    def test_open(playwright):\n        browser = playwright.chromium.launch(headless=False)\n        context = browser.new_context()\n        page: Page = context.new_page()\n    \n        page.goto(\"https://bstackdemo.com/\")\n>       expect(page.get_by_text(\"Select\")).to_be_visible()\nE       AssertionError: Locator expected to be visible\nE       Actual value: hidden \nE       Call log:\nE         - Expect \"to_be_visible\" with timeout 5000ms\nE         - waiting for get_by_text(\"Select\")\nE           9 × locator resolved to <option value=\"\">Select</option>\nE             - unexpected value \"hidden\"\n\npracticesession\\dropdown_pratcice1.py:9: AssertionError"}, "start": 1763810385670, "stop": 1763810395262, "uuid": "b8ad1e87-fc56-4306-b293-3bbc2677c204", "historyId": "f62c305f2bfc0dbae10e07b2e300fce3", "testCaseId": "f62c305f2bfc0dbae10e07b2e300fce3", "fullName": "practicesession.dropdown_pratcice1#test_open", "labels": [{"name": "parentSuite", "value": "practicesession"}, {"name": "suite", "value": "dropdown_pratcice1"}, {"name": "host", "value": "SOLVERLAPT604"}, {"name": "thread", "value": "39788-MainThread"}, {"name": "framework", "value": "pytest"}, {"name": "language", "value": "cpython3"}, {"name": "package", "value": "practicesession.dropdown_pratcice1"}], "titlePath": ["practicesession", "dropdown_pratcice1.py"]}