{"name": "test_open", "status": "failed", "statusDetails": {"message": "AssertionError: Locator expected to have Value 'France'\nActual value: france \nCall log:\n  - Expect \"to_have_value\" with timeout 5000ms\n  - waiting for locator(\"#country\")\n    9 × locator resolved to <select id=\"country\" class=\"form-control\">…</select>\n      - unexpected value \"france\"", "trace": "playwright = <playwright._impl._playwright.Playwright object at 0x000002802F311A90>\n\n    def test_open(playwright):\n        browser = playwright.chromium.launch(headless=False)\n        context = browser.new_context()\n        page: Page = context.new_page()\n    \n        page.goto(\"https://testautomationpractice.blogspot.com/\")\n        page.get_by_placeholder(\"Enter Name\").fill(\"arv\")\n        page.get_by_placeholder(\"Enter EMail\").fill(\"pass\")\n        page.get_by_placeholder(\"Enter Phone\").fill(\"984756\")\n        page.get_by_role(\"textbox\",name=\"Address:\").fill(\"lakshmi apartments\")\n        checking=page.locator(\"#male\")\n        expect(checking).not_to_be_checked()\n        checking.check()\n        expect(checking).to_be_checked()\n        # checkboxes = page.get_by_role(\"checkbox\")\n        # count = checkboxes.count()\n        #\n        # for i in range(count):\n        #     checkboxes.nth(i).check()\n    \n        days = ['Sunday', 'Monday', 'Tuesday', 'Wednesday', 'Thursday', 'Friday', 'Saturday']\n        checkboxes=[]\n        for day in days:\n            checkbox=page.get_by_label(day)\n            checkboxes.append(checkbox)\n    \n        for checkbox in checkboxes:\n            checkbox.check()\n            expect(checkbox).to_be_checked()\n            checkbox.uncheck()\n            expect(checkbox).not_to_be_checked()\n    \n        page.locator(\"#country\").select_option(\"France\")\n>       expect(page.locator(\"#country\")).to_have_value(\"France\")\nE       AssertionError: Locator expected to have Value 'France'\nE       Actual value: france \nE       Call log:\nE         - Expect \"to_have_value\" with timeout 5000ms\nE         - waiting for locator(\"#country\")\nE           9 × locator resolved to <select id=\"country\" class=\"form-control\">…</select>\nE             - unexpected value \"france\"\n\npracticesession\\test_pratice1.py:36: AssertionError"}, "start": 1763808367826, "stop": 1763808379718, "uuid": "a760446b-dd80-429d-b5d6-7ffa140ae6ea", "historyId": "aca9ac4db8f1ef119bba769e4dae19c9", "testCaseId": "aca9ac4db8f1ef119bba769e4dae19c9", "fullName": "practicesession.test_pratice1#test_open", "labels": [{"name": "parentSuite", "value": "practicesession"}, {"name": "suite", "value": "test_pratice1"}, {"name": "host", "value": "SOLVERLAPT604"}, {"name": "thread", "value": "22268-MainThread"}, {"name": "framework", "value": "pytest"}, {"name": "language", "value": "cpython3"}, {"name": "package", "value": "practicesession.test_pratice1"}], "titlePath": ["practicesession", "test_pratice1.py"]}