{"name": "test_verify_pwlocators[chromium]", "status": "failed", "statusDetails": {"message": "AssertionError: Locator expected to be visible\nActual value: <element(s) not found> \nCall log:\n  - Expect \"to_be_visible\" with timeout 5000ms\n  - waiting for get_by_alt_text(\"nopCommerce demo store\")", "trace": "page = <Page url='https://demo.nopcommerce.com/'>\n\n    def test_verify_pwlocators(page:Page):\n        page.goto(\"https://demo.nopcommerce.com/\")\n        #time.sleep(5) # seconds\n        page.wait_for_timeout(5000) # 500 ms = 5 secs\n    \n        # 1) page.get_by_alt_text()\n        logo=page.get_by_alt_text(\"nopCommerce demo store\")\n>       expect(logo).to_be_visible()\nE       AssertionError: Locator expected to be visible\nE       Actual value: <element(s) not found> \nE       Call log:\nE         - Expect \"to_be_visible\" with timeout 5000ms\nE         - waiting for get_by_alt_text(\"nopCommerce demo store\")\n\nplaywrightsexamplenew\\Built_in_locators\\test_locatorstype.py:29: AssertionError"}, "parameters": [{"name": "browser_name", "value": "'chromium'"}], "start": 1763463065809, "stop": 1763463080179, "uuid": "d00bb28b-832e-4818-9d0e-b3079ba3bb56", "historyId": "3850650114495e39ddc949e78fbf9867", "testCaseId": "424243f3a2ce929374368044b2faa430", "fullName": "playwrightsexamplenew.Built_in_locators.test_locatorstype#test_verify_pwlocators", "labels": [{"name": "parentSuite", "value": "playwrightsexamplenew.Built_in_locators"}, {"name": "suite", "value": "test_locatorstype"}, {"name": "host", "value": "SOLVERLAPT604"}, {"name": "thread", "value": "17924-MainThread"}, {"name": "framework", "value": "pytest"}, {"name": "language", "value": "cpython3"}, {"name": "package", "value": "playwrightsexamplenew.Built_in_locators.test_locatorstype"}], "titlePath": ["playwrightsexamplenew", "Built_in_locators", "test_locatorstype.py"]}